<?xml version="1.0" encoding="UTF-8"?>
<!-- Generated by org.testng.reporters.JUnitReportReporter -->
<testsuite hostname="LAPTOP-P2DKTLSG" failures="0" tests="1" name="SignInTest" time="29.710" errors="0" timestamp="30 Jun 2019 11:28:56 GMT" skipped="0">
  <testcase classname="SignInTest" name="shouldThrowAnErrorIfSignInDetailsAreMissing" time="29.710"/>
</testsuite> <!-- SignInTest -->
