<?xml version="1.0" encoding="UTF-8"?>
<!-- Generated by org.testng.reporters.JUnitReportReporter -->
<testsuite hostname="LAPTOP-P2DKTLSG" failures="0" tests="1" name="FlightBookingTest" time="212.979" errors="0" timestamp="30 Jun 2019 08:27:23 GMT" skipped="0">
  <testcase classname="FlightBookingTest" name="testThatResultsAppearForAOneWayJourney" time="212.979"/>
</testsuite> <!-- FlightBookingTest -->
