<?xml version="1.0" encoding="UTF-8"?>
<!-- Generated by org.testng.reporters.JUnitReportReporter -->
<testsuite hostname="LAPTOP-P2DKTLSG" failures="0" tests="1" name="com.codinground.tests.FlightBookingTest" time="50.659" errors="0" timestamp="02 Jul 2019 16:25:14 GMT" skipped="0">
  <testcase classname="com.codinground.tests.FlightBookingTest" name="testThatResultsAppearForAOneWayJourney" time="50.659"/>
</testsuite> <!-- com.codinground.tests.FlightBookingTest -->
