<?xml version="1.0" encoding="UTF-8"?>
<!-- Generated by org.testng.reporters.JUnitReportReporter -->
<testsuite hostname="LAPTOP-P2DKTLSG" failures="0" tests="1" name="com.codinground.tests.HotelBookingTest" time="72.867" errors="0" timestamp="03 Jul 2019 06:18:55 GMT" skipped="0">
  <testcase classname="com.codinground.tests.HotelBookingTest" name="shouldBeAbleToSearchForHotels" time="72.867"/>
</testsuite> <!-- com.codinground.tests.HotelBookingTest -->
