<?xml version="1.0" encoding="UTF-8"?>
<!-- Generated by org.testng.reporters.JUnitReportReporter -->
<testsuite hostname="LAPTOP-P2DKTLSG" failures="0" tests="1" name="HotelBookingTest" time="34.881" errors="0" timestamp="30 Jun 2019 10:28:33 GMT" skipped="0">
  <testcase classname="HotelBookingTest" name="shouldBeAbleToSearchForHotels" time="34.881"/>
</testsuite> <!-- HotelBookingTest -->
